<?xml version="1.0" encoding="UTF-8"?>
<!-- Generated by org.testng.reporters.JUnitXMLReporter -->
<testsuite hostname="Srajen" ignored="0" name="Default test" tests="4" failures="0" timestamp="2022-05-07T15:21:23 IST" time="7.425" errors="0">
  <testcase name="checkDateRange" time="2.105" classname="Validate.Validation"/>
  <testcase name="checkDescription" time="2.624" classname="Validate.Validation"/>
  <testcase name="checkHourlyInterval" time="1.169" classname="Validate.Validation"/>
  <testcase name="checkTemperature" time="1.496" classname="Validate.Validation"/>
</testsuite> <!-- Default test -->
