<?xml version="1.0" encoding="UTF-8"?>
<testng-results skipped="0" failed="0" ignored="0" total="4" passed="4">
  <reporter-output>
  </reporter-output>
  <suite name="Default suite" duration-ms="7425" started-at="2022-05-07T15:21:16 IST" finished-at="2022-05-07T15:21:23 IST">
    <groups>
    </groups>
    <test name="Default test" duration-ms="7425" started-at="2022-05-07T15:21:16 IST" finished-at="2022-05-07T15:21:23 IST">
      <class name="Validate.Validation">
        <test-method status="PASS" signature="checkDateRange()[pri:0, instance:Validate.Validation@1b68ddbd]" name="checkDateRange" duration-ms="2105" started-at="2022-05-07T15:21:16 IST" finished-at="2022-05-07T15:21:18 IST">
          <reporter-output>
          </reporter-output>
        </test-method> <!-- checkDateRange -->
        <test-method status="PASS" signature="checkDescription()[pri:0, instance:Validate.Validation@1b68ddbd]" name="checkDescription" duration-ms="2624" started-at="2022-05-07T15:21:18 IST" finished-at="2022-05-07T15:21:20 IST">
          <reporter-output>
          </reporter-output>
        </test-method> <!-- checkDescription -->
        <test-method status="PASS" signature="checkHourlyInterval()[pri:0, instance:Validate.Validation@1b68ddbd]" name="checkHourlyInterval" duration-ms="1169" started-at="2022-05-07T15:21:20 IST" finished-at="2022-05-07T15:21:21 IST">
          <reporter-output>
          </reporter-output>
        </test-method> <!-- checkHourlyInterval -->
        <test-method status="PASS" signature="checkTemperature()[pri:0, instance:Validate.Validation@1b68ddbd]" name="checkTemperature" duration-ms="1496" started-at="2022-05-07T15:21:21 IST" finished-at="2022-05-07T15:21:23 IST">
          <reporter-output>
          </reporter-output>
        </test-method> <!-- checkTemperature -->
      </class> <!-- Validate.Validation -->
    </test> <!-- Default test -->
  </suite> <!-- Default suite -->
</testng-results>
